<?xml version="1.0" encoding="UTF-8"?>
<testsuite name="com.gradle.tutorial.fizzbuzzprocessorTest" tests="4" skipped="0" failures="0" errors="0" timestamp="2022-06-20T13:48:28" hostname="LHTU05CG2122HMZ" time="0.023">
  <properties/>
  <testcase name="FizzBuzzThreeNumbers()" classname="com.gradle.tutorial.fizzbuzzprocessorTest" time="0.02"/>
  <testcase name="FizzBuzzFiveNumbers()" classname="com.gradle.tutorial.fizzbuzzprocessorTest" time="0.0"/>
  <testcase name="FizzBuzzNormalNumbers()" classname="com.gradle.tutorial.fizzbuzzprocessorTest" time="0.0"/>
  <testcase name="FizzBuzzThreeAndFiveNumbers()" classname="com.gradle.tutorial.fizzbuzzprocessorTest" time="0.0"/>
  <system-out><![CDATA[]]></system-out>
  <system-err><![CDATA[]]></system-err>
</testsuite>
